2025-02-06 19:37:35 INFO log.py:21: Yasb v1.5.8
2025-02-06 19:37:35 INFO config.py:59: Created default config file at C:\Users\ogoes\.config\yasb\config.yaml
2025-02-06 19:37:35 INFO config.py:73: Created default stylesheet at C:\Users\ogoes\.config\yasb\styles.css
2025-02-06 19:37:35 DEBUG win32.py:58: Looking up time zone info from registry
2025-02-06 19:37:37 INFO weather.py:359: Fetched new weather data at 2025-02-06 19:37:37.417030
2025-02-06 19:37:37 DEBUG __init__.py:140: CoInitializeEx(None, 2)
2025-02-06 19:37:37 INFO app_bar.py:103: Bar Created on Screen: PGCTRBL01 [Bar Height: 36px, DPI Scale: 1.0, Scale Screen: True, Screen Geometry: X: 0, Y: 0, Screen Width: 2560, Screen Height: 1440]
2025-02-06 19:37:38 INFO event_listener.py:52: Created named pipe yasb-f795d9a0-e4da-11ef-922d-00e04c742203
2025-02-06 19:37:38 INFO event_listener.py:106: Waiting for Komorebi to subscribe to named pipe yasb-f795d9a0-e4da-11ef-922d-00e04c742203
2025-02-06 19:37:38 INFO watcher.py:39: Created file watcher for path C:\Users\ogoes\.config\yasb
2025-02-06 19:37:38 DEBUG _windows.py:213: Starting (proactor: <_IocpProactor overlapped#=0 result#=0>)...
2025-02-06 19:37:38 DEBUG _windows.py:192: Thread started
2025-02-06 19:37:38 INFO event_listener.py:118: Komorebi connected to named pipe: yasb-f795d9a0-e4da-11ef-922d-00e04c742203
2025-02-06 19:44:36 INFO log.py:21: Yasb v1.5.8
2025-02-06 19:44:37 DEBUG win32.py:58: Looking up time zone info from registry
2025-02-06 19:44:39 INFO weather.py:359: Fetched new weather data at 2025-02-06 19:44:39.058322
2025-02-06 19:44:39 DEBUG __init__.py:140: CoInitializeEx(None, 2)
2025-02-06 19:44:39 INFO app_bar.py:103: Bar Created on Screen: PGCTRBL01 [Bar Height: 36px, DPI Scale: 1.0, Scale Screen: True, Screen Geometry: X: 0, Y: 0, Screen Width: 2560, Screen Height: 1440]
2025-02-06 19:44:39 INFO event_listener.py:52: Created named pipe yasb-f2e39299-e4db-11ef-980c-00e04c742203
2025-02-06 19:44:39 INFO event_listener.py:106: Waiting for Komorebi to subscribe to named pipe yasb-f2e39299-e4db-11ef-980c-00e04c742203
2025-02-06 19:44:39 INFO watcher.py:39: Created file watcher for path C:\Users\ogoes\.config\yasb
2025-02-06 19:44:39 DEBUG _windows.py:213: Starting (proactor: <_IocpProactor overlapped#=0 result#=0>)...
2025-02-06 19:44:39 DEBUG _windows.py:192: Thread started
2025-02-06 19:44:39 INFO event_listener.py:118: Komorebi connected to named pipe: yasb-f2e39299-e4db-11ef-980c-00e04c742203
2025-02-06 19:46:09 INFO log.py:21: Yasb v1.5.8
2025-02-06 19:46:09 DEBUG win32.py:58: Looking up time zone info from registry
2025-02-06 19:46:09 INFO weather.py:359: Fetched new weather data at 2025-02-06 19:46:09.776595
2025-02-06 19:46:09 DEBUG __init__.py:140: CoInitializeEx(None, 2)
2025-02-06 19:46:09 INFO app_bar.py:103: Bar Created on Screen: PGCTRBL01 [Bar Height: 36px, DPI Scale: 1.0, Scale Screen: True, Screen Geometry: X: 0, Y: 0, Screen Width: 2560, Screen Height: 1440]
2025-02-06 19:46:10 INFO event_listener.py:52: Created named pipe yasb-28dec2a0-e4dc-11ef-8a51-00e04c742203
2025-02-06 19:46:10 INFO event_listener.py:106: Waiting for Komorebi to subscribe to named pipe yasb-28dec2a0-e4dc-11ef-8a51-00e04c742203
2025-02-06 19:46:10 INFO watcher.py:39: Created file watcher for path C:\Users\ogoes\.config\yasb
2025-02-06 19:46:10 DEBUG _windows.py:213: Starting (proactor: <_IocpProactor overlapped#=0 result#=0>)...
2025-02-06 19:46:10 DEBUG _windows.py:192: Thread started
2025-02-06 19:46:10 INFO event_listener.py:118: Komorebi connected to named pipe: yasb-28dec2a0-e4dc-11ef-8a51-00e04c742203
2025-02-06 19:50:03 INFO log.py:21: Yasb v1.5.8
2025-02-06 19:50:03 DEBUG win32.py:58: Looking up time zone info from registry
2025-02-06 19:50:03 INFO weather.py:359: Fetched new weather data at 2025-02-06 19:50:03.878473
2025-02-06 19:50:03 DEBUG __init__.py:140: CoInitializeEx(None, 2)
2025-02-06 19:50:03 INFO app_bar.py:103: Bar Created on Screen: PGCTRBL01 [Bar Height: 36px, DPI Scale: 1.0, Scale Screen: True, Screen Geometry: X: 0, Y: 0, Screen Width: 2560, Screen Height: 1440]
2025-02-06 19:50:04 INFO event_listener.py:52: Created named pipe yasb-b464b861-e4dc-11ef-a985-00e04c742203
2025-02-06 19:50:04 INFO event_listener.py:106: Waiting for Komorebi to subscribe to named pipe yasb-b464b861-e4dc-11ef-a985-00e04c742203
2025-02-06 19:50:04 INFO watcher.py:39: Created file watcher for path C:\Users\ogoes\.config\yasb
2025-02-06 19:50:04 DEBUG _windows.py:213: Starting (proactor: <_IocpProactor overlapped#=0 result#=0>)...
2025-02-06 19:50:04 DEBUG _windows.py:192: Thread started
2025-02-06 19:50:04 INFO event_listener.py:118: Komorebi connected to named pipe: yasb-b464b861-e4dc-11ef-a985-00e04c742203
2025-02-06 19:53:42 ERROR bar_manager.py:54: Error loading config: while scanning a double-quoted scalar
  in "C:\Users\ogoes\.config\yasb\config.yaml", line 243, column 31
found unknown escape character 'W'
  in "C:\Users\ogoes\.config\yasb\config.yaml", line 243, column 35
2025-02-06 19:53:42 ERROR bar_manager.py:54: Error loading config: while scanning a double-quoted scalar
  in "C:\Users\ogoes\.config\yasb\config.yaml", line 243, column 31
found unknown escape character 'W'
  in "C:\Users\ogoes\.config\yasb\config.yaml", line 243, column 35
2025-02-06 19:53:42 ERROR bar_manager.py:54: Error loading config: while scanning a double-quoted scalar
  in "C:\Users\ogoes\.config\yasb\config.yaml", line 243, column 31
found unknown escape character 'W'
  in "C:\Users\ogoes\.config\yasb\config.yaml", line 243, column 35
2025-02-06 19:53:54 INFO log.py:21: Yasb v1.5.8
2025-02-06 19:53:54 DEBUG win32.py:58: Looking up time zone info from registry
2025-02-06 19:53:55 INFO weather.py:359: Fetched new weather data at 2025-02-06 19:53:55.102538
2025-02-06 19:53:55 DEBUG __init__.py:140: CoInitializeEx(None, 2)
2025-02-06 19:53:55 INFO app_bar.py:103: Bar Created on Screen: PGCTRBL01 [Bar Height: 36px, DPI Scale: 1.0, Scale Screen: True, Screen Geometry: X: 0, Y: 0, Screen Width: 2560, Screen Height: 1440]
2025-02-06 19:53:55 INFO event_listener.py:52: Created named pipe yasb-3e37caf7-e4dd-11ef-bf95-00e04c742203
2025-02-06 19:53:55 INFO event_listener.py:106: Waiting for Komorebi to subscribe to named pipe yasb-3e37caf7-e4dd-11ef-bf95-00e04c742203
2025-02-06 19:53:55 INFO watcher.py:39: Created file watcher for path C:\Users\ogoes\.config\yasb
2025-02-06 19:53:55 DEBUG _windows.py:213: Starting (proactor: <_IocpProactor overlapped#=0 result#=0>)...
2025-02-06 19:53:55 DEBUG _windows.py:192: Thread started
2025-02-06 19:53:55 INFO event_listener.py:118: Komorebi connected to named pipe: yasb-3e37caf7-e4dd-11ef-bf95-00e04c742203
2025-02-06 19:54:07 INFO log.py:21: Yasb v1.5.8
2025-02-06 19:54:08 DEBUG win32.py:58: Looking up time zone info from registry
2025-02-06 19:54:08 INFO weather.py:359: Fetched new weather data at 2025-02-06 19:54:08.182897
2025-02-06 19:54:08 DEBUG __init__.py:140: CoInitializeEx(None, 2)
2025-02-06 19:54:08 INFO app_bar.py:103: Bar Created on Screen: PGCTRBL01 [Bar Height: 36px, DPI Scale: 1.0, Scale Screen: True, Screen Geometry: X: 0, Y: 0, Screen Width: 2560, Screen Height: 1440]
2025-02-06 19:54:08 INFO event_listener.py:52: Created named pipe yasb-460269fb-e4dd-11ef-9ed6-00e04c742203
2025-02-06 19:54:08 INFO event_listener.py:106: Waiting for Komorebi to subscribe to named pipe yasb-460269fb-e4dd-11ef-9ed6-00e04c742203
2025-02-06 19:54:08 INFO watcher.py:39: Created file watcher for path C:\Users\ogoes\.config\yasb
2025-02-06 19:54:08 DEBUG _windows.py:213: Starting (proactor: <_IocpProactor overlapped#=0 result#=0>)...
2025-02-06 19:54:08 DEBUG _windows.py:192: Thread started
2025-02-06 19:54:08 INFO event_listener.py:118: Komorebi connected to named pipe: yasb-460269fb-e4dd-11ef-9ed6-00e04c742203
2025-02-06 19:54:16 INFO log.py:21: Yasb v1.5.8
2025-02-06 19:54:16 DEBUG win32.py:58: Looking up time zone info from registry
2025-02-06 19:54:16 INFO weather.py:359: Fetched new weather data at 2025-02-06 19:54:16.791079
2025-02-06 19:54:16 DEBUG __init__.py:140: CoInitializeEx(None, 2)
2025-02-06 19:54:16 INFO app_bar.py:103: Bar Created on Screen: PGCTRBL01 [Bar Height: 36px, DPI Scale: 1.0, Scale Screen: True, Screen Geometry: X: 0, Y: 0, Screen Width: 2560, Screen Height: 1440]
2025-02-06 19:54:17 INFO event_listener.py:52: Created named pipe yasb-4b25310e-e4dd-11ef-8ed4-00e04c742203
2025-02-06 19:54:17 INFO event_listener.py:106: Waiting for Komorebi to subscribe to named pipe yasb-4b25310e-e4dd-11ef-8ed4-00e04c742203
2025-02-06 19:54:17 INFO watcher.py:39: Created file watcher for path C:\Users\ogoes\.config\yasb
2025-02-06 19:54:17 DEBUG _windows.py:213: Starting (proactor: <_IocpProactor overlapped#=0 result#=0>)...
2025-02-06 19:54:17 DEBUG _windows.py:192: Thread started
2025-02-06 19:54:17 INFO event_listener.py:118: Komorebi connected to named pipe: yasb-4b25310e-e4dd-11ef-8ed4-00e04c742203
2025-02-06 20:04:16 INFO weather.py:359: Fetched new weather data at 2025-02-06 20:04:16.778317
2025-02-06 20:09:35 INFO log.py:21: Yasb v1.5.8
2025-02-06 20:09:35 DEBUG win32.py:58: Looking up time zone info from registry
2025-02-06 20:09:36 INFO weather.py:359: Fetched new weather data at 2025-02-06 20:09:36.028618
2025-02-06 20:09:36 DEBUG __init__.py:140: CoInitializeEx(None, 2)
2025-02-06 20:09:36 INFO app_bar.py:103: Bar Created on Screen: PGCTRBL01 [Bar Height: 36px, DPI Scale: 1.0, Scale Screen: True, Screen Geometry: X: 0, Y: 0, Screen Width: 2560, Screen Height: 1440]
2025-02-06 20:09:36 INFO event_listener.py:52: Created named pipe yasb-6f0d47fd-e4df-11ef-aaa8-00e04c742203
2025-02-06 20:09:36 INFO event_listener.py:106: Waiting for Komorebi to subscribe to named pipe yasb-6f0d47fd-e4df-11ef-aaa8-00e04c742203
2025-02-06 20:09:36 INFO watcher.py:39: Created file watcher for path C:\Users\ogoes\.config\yasb
2025-02-06 20:09:36 DEBUG _windows.py:213: Starting (proactor: <_IocpProactor overlapped#=0 result#=0>)...
2025-02-06 20:09:36 DEBUG _windows.py:192: Thread started
2025-02-06 20:09:36 INFO event_listener.py:118: Komorebi connected to named pipe: yasb-6f0d47fd-e4df-11ef-aaa8-00e04c742203
2025-02-06 20:10:14 INFO log.py:21: Yasb v1.5.8
2025-02-06 20:10:14 DEBUG win32.py:58: Looking up time zone info from registry
2025-02-06 20:10:14 INFO weather.py:359: Fetched new weather data at 2025-02-06 20:10:14.678706
2025-02-06 20:10:14 DEBUG __init__.py:140: CoInitializeEx(None, 2)
2025-02-06 20:10:14 INFO app_bar.py:103: Bar Created on Screen: PGCTRBL01 [Bar Height: 36px, DPI Scale: 1.0, Scale Screen: True, Screen Geometry: X: 0, Y: 0, Screen Width: 2560, Screen Height: 1440]
2025-02-06 20:10:15 INFO event_listener.py:52: Created named pipe yasb-861741d2-e4df-11ef-829d-00e04c742203
2025-02-06 20:10:15 INFO event_listener.py:106: Waiting for Komorebi to subscribe to named pipe yasb-861741d2-e4df-11ef-829d-00e04c742203
2025-02-06 20:10:15 INFO watcher.py:39: Created file watcher for path C:\Users\ogoes\.config\yasb
2025-02-06 20:10:15 DEBUG _windows.py:213: Starting (proactor: <_IocpProactor overlapped#=0 result#=0>)...
2025-02-06 20:10:15 DEBUG _windows.py:192: Thread started
2025-02-06 20:10:15 INFO event_listener.py:118: Komorebi connected to named pipe: yasb-861741d2-e4df-11ef-829d-00e04c742203
2025-02-06 20:10:26 INFO log.py:21: Yasb v1.5.8
2025-02-06 20:10:26 DEBUG win32.py:58: Looking up time zone info from registry
2025-02-06 20:10:27 INFO weather.py:359: Fetched new weather data at 2025-02-06 20:10:27.046451
2025-02-06 20:10:27 DEBUG __init__.py:140: CoInitializeEx(None, 2)
2025-02-06 20:10:27 INFO app_bar.py:103: Bar Created on Screen: PGCTRBL01 [Bar Height: 36px, DPI Scale: 1.0, Scale Screen: True, Screen Geometry: X: 0, Y: 0, Screen Width: 2560, Screen Height: 1440]
2025-02-06 20:10:27 INFO event_listener.py:52: Created named pipe yasb-8d754674-e4df-11ef-aeee-00e04c742203
2025-02-06 20:10:27 INFO event_listener.py:106: Waiting for Komorebi to subscribe to named pipe yasb-8d754674-e4df-11ef-aeee-00e04c742203
2025-02-06 20:10:27 INFO watcher.py:39: Created file watcher for path C:\Users\ogoes\.config\yasb
2025-02-06 20:10:27 DEBUG _windows.py:213: Starting (proactor: <_IocpProactor overlapped#=0 result#=0>)...
2025-02-06 20:10:27 DEBUG _windows.py:192: Thread started
2025-02-06 20:10:27 INFO event_listener.py:118: Komorebi connected to named pipe: yasb-8d754674-e4df-11ef-aeee-00e04c742203
2025-02-06 20:13:03 INFO log.py:21: Yasb v1.5.8
2025-02-06 20:13:03 DEBUG win32.py:58: Looking up time zone info from registry
2025-02-06 20:13:04 INFO weather.py:359: Fetched new weather data at 2025-02-06 20:13:04.091119
2025-02-06 20:13:04 DEBUG __init__.py:140: CoInitializeEx(None, 2)
2025-02-06 20:13:04 INFO app_bar.py:103: Bar Created on Screen: PGCTRBL01 [Bar Height: 36px, DPI Scale: 1.0, Scale Screen: True, Screen Geometry: X: 0, Y: 0, Screen Width: 2560, Screen Height: 1440]
2025-02-06 20:13:04 INFO event_listener.py:52: Created named pipe yasb-eb11ff10-e4df-11ef-aa63-00e04c742203
2025-02-06 20:13:04 INFO event_listener.py:106: Waiting for Komorebi to subscribe to named pipe yasb-eb11ff10-e4df-11ef-aa63-00e04c742203
2025-02-06 20:13:04 INFO watcher.py:39: Created file watcher for path C:\Users\ogoes\.config\yasb
2025-02-06 20:13:04 DEBUG _windows.py:213: Starting (proactor: <_IocpProactor overlapped#=0 result#=0>)...
2025-02-06 20:13:04 DEBUG _windows.py:192: Thread started
2025-02-06 20:13:04 INFO event_listener.py:118: Komorebi connected to named pipe: yasb-eb11ff10-e4df-11ef-aa63-00e04c742203
2025-02-06 20:14:46 INFO log.py:21: Yasb v1.5.8
2025-02-06 20:14:46 DEBUG win32.py:58: Looking up time zone info from registry
2025-02-06 20:14:46 INFO weather.py:359: Fetched new weather data at 2025-02-06 20:14:46.485597
2025-02-06 20:14:46 DEBUG __init__.py:140: CoInitializeEx(None, 2)
2025-02-06 20:14:46 INFO app_bar.py:103: Bar Created on Screen: PGCTRBL01 [Bar Height: 36px, DPI Scale: 1.0, Scale Screen: True, Screen Geometry: X: 0, Y: 0, Screen Width: 2560, Screen Height: 1440]
2025-02-06 20:14:46 INFO event_listener.py:52: Created named pipe yasb-2819c5f0-e4e0-11ef-b279-00e04c742203
2025-02-06 20:14:46 INFO event_listener.py:106: Waiting for Komorebi to subscribe to named pipe yasb-2819c5f0-e4e0-11ef-b279-00e04c742203
2025-02-06 20:14:46 INFO watcher.py:39: Created file watcher for path C:\Users\ogoes\.config\yasb
2025-02-06 20:14:46 DEBUG _windows.py:213: Starting (proactor: <_IocpProactor overlapped#=0 result#=0>)...
2025-02-06 20:14:46 DEBUG _windows.py:192: Thread started
2025-02-06 20:14:46 INFO event_listener.py:118: Komorebi connected to named pipe: yasb-2819c5f0-e4e0-11ef-b279-00e04c742203
2025-02-06 20:15:13 INFO log.py:21: Yasb v1.5.8
2025-02-06 20:15:13 DEBUG win32.py:58: Looking up time zone info from registry
2025-02-06 20:15:13 INFO weather.py:359: Fetched new weather data at 2025-02-06 20:15:13.908431
2025-02-06 20:15:13 DEBUG __init__.py:140: CoInitializeEx(None, 2)
2025-02-06 20:15:13 INFO app_bar.py:103: Bar Created on Screen: PGCTRBL01 [Bar Height: 36px, DPI Scale: 1.0, Scale Screen: True, Screen Geometry: X: 0, Y: 0, Screen Width: 2560, Screen Height: 1440]
2025-02-06 20:15:14 INFO event_listener.py:52: Created named pipe yasb-3872b7fc-e4e0-11ef-acf6-00e04c742203
2025-02-06 20:15:14 INFO event_listener.py:106: Waiting for Komorebi to subscribe to named pipe yasb-3872b7fc-e4e0-11ef-acf6-00e04c742203
2025-02-06 20:15:14 INFO watcher.py:39: Created file watcher for path C:\Users\ogoes\.config\yasb
2025-02-06 20:15:14 DEBUG _windows.py:213: Starting (proactor: <_IocpProactor overlapped#=0 result#=0>)...
2025-02-06 20:15:14 DEBUG _windows.py:192: Thread started
2025-02-06 20:15:14 INFO event_listener.py:118: Komorebi connected to named pipe: yasb-3872b7fc-e4e0-11ef-acf6-00e04c742203
2025-02-06 20:15:26 INFO log.py:21: Yasb v1.5.8
2025-02-06 20:15:26 DEBUG win32.py:58: Looking up time zone info from registry
2025-02-06 20:15:26 INFO weather.py:359: Fetched new weather data at 2025-02-06 20:15:26.949905
2025-02-06 20:15:26 DEBUG __init__.py:140: CoInitializeEx(None, 2)
2025-02-06 20:15:27 INFO app_bar.py:103: Bar Created on Screen: PGCTRBL01 [Bar Height: 36px, DPI Scale: 1.0, Scale Screen: True, Screen Geometry: X: 0, Y: 0, Screen Width: 2560, Screen Height: 1440]
2025-02-06 20:15:27 INFO event_listener.py:52: Created named pipe yasb-4037c0f3-e4e0-11ef-b4a9-00e04c742203
2025-02-06 20:15:27 INFO event_listener.py:106: Waiting for Komorebi to subscribe to named pipe yasb-4037c0f3-e4e0-11ef-b4a9-00e04c742203
2025-02-06 20:15:27 INFO watcher.py:39: Created file watcher for path C:\Users\ogoes\.config\yasb
2025-02-06 20:15:27 DEBUG _windows.py:213: Starting (proactor: <_IocpProactor overlapped#=0 result#=0>)...
2025-02-06 20:15:27 DEBUG _windows.py:192: Thread started
2025-02-06 20:15:27 INFO event_listener.py:118: Komorebi connected to named pipe: yasb-4037c0f3-e4e0-11ef-b4a9-00e04c742203
2025-02-06 20:16:38 INFO log.py:21: Yasb v1.5.8
2025-02-06 20:16:39 DEBUG win32.py:58: Looking up time zone info from registry
2025-02-06 20:16:39 INFO weather.py:359: Fetched new weather data at 2025-02-06 20:16:39.261581
2025-02-06 20:16:39 DEBUG __init__.py:140: CoInitializeEx(None, 2)
2025-02-06 20:16:39 INFO app_bar.py:103: Bar Created on Screen: PGCTRBL01 [Bar Height: 36px, DPI Scale: 1.0, Scale Screen: True, Screen Geometry: X: 0, Y: 0, Screen Width: 2560, Screen Height: 1440]
2025-02-06 20:16:39 INFO event_listener.py:52: Created named pipe yasb-6b528099-e4e0-11ef-b263-00e04c742203
2025-02-06 20:16:39 INFO event_listener.py:106: Waiting for Komorebi to subscribe to named pipe yasb-6b528099-e4e0-11ef-b263-00e04c742203
2025-02-06 20:16:39 INFO watcher.py:39: Created file watcher for path C:\Users\ogoes\.config\yasb
2025-02-06 20:16:39 DEBUG _windows.py:213: Starting (proactor: <_IocpProactor overlapped#=0 result#=0>)...
2025-02-06 20:16:39 DEBUG _windows.py:192: Thread started
2025-02-06 20:16:39 INFO event_listener.py:118: Komorebi connected to named pipe: yasb-6b528099-e4e0-11ef-b263-00e04c742203
2025-02-06 20:16:44 INFO log.py:21: Yasb v1.5.8
2025-02-06 20:16:44 DEBUG win32.py:58: Looking up time zone info from registry
2025-02-06 20:16:44 INFO weather.py:359: Fetched new weather data at 2025-02-06 20:16:44.281082
2025-02-06 20:16:44 DEBUG __init__.py:140: CoInitializeEx(None, 2)
2025-02-06 20:16:44 INFO app_bar.py:103: Bar Created on Screen: PGCTRBL01 [Bar Height: 36px, DPI Scale: 1.0, Scale Screen: True, Screen Geometry: X: 0, Y: 0, Screen Width: 2560, Screen Height: 1440]
2025-02-06 20:16:44 INFO event_listener.py:52: Created named pipe yasb-6e4e9b44-e4e0-11ef-a5cd-00e04c742203
2025-02-06 20:16:44 INFO event_listener.py:106: Waiting for Komorebi to subscribe to named pipe yasb-6e4e9b44-e4e0-11ef-a5cd-00e04c742203
2025-02-06 20:16:44 INFO watcher.py:39: Created file watcher for path C:\Users\ogoes\.config\yasb
2025-02-06 20:16:44 DEBUG _windows.py:213: Starting (proactor: <_IocpProactor overlapped#=0 result#=0>)...
2025-02-06 20:16:44 DEBUG _windows.py:192: Thread started
2025-02-06 20:16:44 INFO event_listener.py:118: Komorebi connected to named pipe: yasb-6e4e9b44-e4e0-11ef-a5cd-00e04c742203
2025-02-06 20:19:13 INFO log.py:21: Yasb v1.5.8
2025-02-06 20:19:13 DEBUG win32.py:58: Looking up time zone info from registry
2025-02-06 20:19:13 INFO weather.py:359: Fetched new weather data at 2025-02-06 20:19:13.959367
2025-02-06 20:19:13 DEBUG __init__.py:140: CoInitializeEx(None, 2)
2025-02-06 20:19:14 INFO app_bar.py:103: Bar Created on Screen: PGCTRBL01 [Bar Height: 36px, DPI Scale: 1.0, Scale Screen: True, Screen Geometry: X: 0, Y: 0, Screen Width: 2560, Screen Height: 1440]
2025-02-06 20:19:14 INFO event_listener.py:52: Created named pipe yasb-c788a464-e4e0-11ef-9a06-00e04c742203
2025-02-06 20:19:14 INFO event_listener.py:106: Waiting for Komorebi to subscribe to named pipe yasb-c788a464-e4e0-11ef-9a06-00e04c742203
2025-02-06 20:19:14 INFO watcher.py:39: Created file watcher for path C:\Users\ogoes\.config\yasb
2025-02-06 20:19:14 DEBUG _windows.py:213: Starting (proactor: <_IocpProactor overlapped#=0 result#=0>)...
2025-02-06 20:19:14 DEBUG _windows.py:192: Thread started
2025-02-06 20:19:14 INFO event_listener.py:118: Komorebi connected to named pipe: yasb-c788a464-e4e0-11ef-9a06-00e04c742203
2025-02-06 20:19:19 INFO log.py:21: Yasb v1.5.8
2025-02-06 20:19:19 DEBUG win32.py:58: Looking up time zone info from registry
2025-02-06 20:19:19 INFO weather.py:359: Fetched new weather data at 2025-02-06 20:19:19.832852
2025-02-06 20:19:19 DEBUG __init__.py:140: CoInitializeEx(None, 2)
2025-02-06 20:19:19 INFO app_bar.py:103: Bar Created on Screen: PGCTRBL01 [Bar Height: 36px, DPI Scale: 1.0, Scale Screen: True, Screen Geometry: X: 0, Y: 0, Screen Width: 2560, Screen Height: 1440]
2025-02-06 20:19:20 INFO event_listener.py:52: Created named pipe yasb-cb05b851-e4e0-11ef-a02b-00e04c742203
2025-02-06 20:19:20 INFO event_listener.py:106: Waiting for Komorebi to subscribe to named pipe yasb-cb05b851-e4e0-11ef-a02b-00e04c742203
2025-02-06 20:19:20 INFO watcher.py:39: Created file watcher for path C:\Users\ogoes\.config\yasb
2025-02-06 20:19:20 DEBUG _windows.py:213: Starting (proactor: <_IocpProactor overlapped#=0 result#=0>)...
2025-02-06 20:19:20 DEBUG _windows.py:192: Thread started
2025-02-06 20:19:20 INFO event_listener.py:118: Komorebi connected to named pipe: yasb-cb05b851-e4e0-11ef-a02b-00e04c742203
2025-02-06 20:20:18 INFO log.py:21: Yasb v1.5.8
2025-02-06 20:20:18 DEBUG win32.py:58: Looking up time zone info from registry
2025-02-06 20:20:18 INFO weather.py:359: Fetched new weather data at 2025-02-06 20:20:18.901116
2025-02-06 20:20:18 DEBUG __init__.py:140: CoInitializeEx(None, 2)
2025-02-06 20:20:18 INFO app_bar.py:103: Bar Created on Screen: PGCTRBL01 [Bar Height: 44px, DPI Scale: 1.0, Scale Screen: True, Screen Geometry: X: 0, Y: 0, Screen Width: 2560, Screen Height: 1440]
2025-02-06 20:20:19 INFO event_listener.py:52: Created named pipe yasb-ee3d9ed8-e4e0-11ef-9637-00e04c742203
2025-02-06 20:20:19 INFO event_listener.py:106: Waiting for Komorebi to subscribe to named pipe yasb-ee3d9ed8-e4e0-11ef-9637-00e04c742203
2025-02-06 20:20:19 INFO watcher.py:39: Created file watcher for path C:\Users\ogoes\.config\yasb
2025-02-06 20:20:19 DEBUG _windows.py:213: Starting (proactor: <_IocpProactor overlapped#=0 result#=0>)...
2025-02-06 20:20:19 DEBUG _windows.py:192: Thread started
2025-02-06 20:20:19 INFO event_listener.py:118: Komorebi connected to named pipe: yasb-ee3d9ed8-e4e0-11ef-9637-00e04c742203
2025-02-06 20:20:26 INFO log.py:21: Yasb v1.5.8
2025-02-06 20:20:26 DEBUG win32.py:58: Looking up time zone info from registry
2025-02-06 20:20:26 INFO weather.py:359: Fetched new weather data at 2025-02-06 20:20:26.648731
2025-02-06 20:20:26 DEBUG __init__.py:140: CoInitializeEx(None, 2)
2025-02-06 20:20:26 INFO app_bar.py:103: Bar Created on Screen: PGCTRBL01 [Bar Height: 36px, DPI Scale: 1.0, Scale Screen: True, Screen Geometry: X: 0, Y: 0, Screen Width: 2560, Screen Height: 1440]
2025-02-06 20:20:27 INFO event_listener.py:52: Created named pipe yasb-f2dce8ff-e4e0-11ef-8326-00e04c742203
2025-02-06 20:20:27 INFO event_listener.py:106: Waiting for Komorebi to subscribe to named pipe yasb-f2dce8ff-e4e0-11ef-8326-00e04c742203
2025-02-06 20:20:27 INFO watcher.py:39: Created file watcher for path C:\Users\ogoes\.config\yasb
2025-02-06 20:20:27 DEBUG _windows.py:213: Starting (proactor: <_IocpProactor overlapped#=0 result#=0>)...
2025-02-06 20:20:27 DEBUG _windows.py:192: Thread started
2025-02-06 20:20:27 INFO event_listener.py:118: Komorebi connected to named pipe: yasb-f2dce8ff-e4e0-11ef-8326-00e04c742203
2025-02-06 20:20:37 INFO log.py:21: Yasb v1.5.8
2025-02-06 20:20:37 DEBUG win32.py:58: Looking up time zone info from registry
2025-02-06 20:20:37 INFO weather.py:359: Fetched new weather data at 2025-02-06 20:20:37.425515
2025-02-06 20:20:37 DEBUG __init__.py:140: CoInitializeEx(None, 2)
2025-02-06 20:20:37 INFO app_bar.py:103: Bar Created on Screen: PGCTRBL01 [Bar Height: 44px, DPI Scale: 1.0, Scale Screen: True, Screen Geometry: X: 0, Y: 0, Screen Width: 2560, Screen Height: 1440]
2025-02-06 20:20:37 INFO event_listener.py:52: Created named pipe yasb-f9476cee-e4e0-11ef-b1a2-00e04c742203
2025-02-06 20:20:37 INFO event_listener.py:106: Waiting for Komorebi to subscribe to named pipe yasb-f9476cee-e4e0-11ef-b1a2-00e04c742203
2025-02-06 20:20:37 INFO watcher.py:39: Created file watcher for path C:\Users\ogoes\.config\yasb
2025-02-06 20:20:37 DEBUG _windows.py:213: Starting (proactor: <_IocpProactor overlapped#=0 result#=0>)...
2025-02-06 20:20:37 DEBUG _windows.py:192: Thread started
2025-02-06 20:20:37 INFO event_listener.py:118: Komorebi connected to named pipe: yasb-f9476cee-e4e0-11ef-b1a2-00e04c742203
2025-02-06 20:21:46 INFO log.py:21: Yasb v1.5.8
2025-02-06 20:21:46 DEBUG win32.py:58: Looking up time zone info from registry
2025-02-06 20:21:46 INFO weather.py:359: Fetched new weather data at 2025-02-06 20:21:46.327241
2025-02-06 20:21:46 DEBUG __init__.py:140: CoInitializeEx(None, 2)
2025-02-06 20:21:46 INFO app_bar.py:103: Bar Created on Screen: PGCTRBL01 [Bar Height: 36px, DPI Scale: 1.0, Scale Screen: True, Screen Geometry: X: 0, Y: 0, Screen Width: 2560, Screen Height: 1440]
2025-02-06 20:21:46 INFO event_listener.py:52: Created named pipe yasb-225a9904-e4e1-11ef-bdd6-00e04c742203
2025-02-06 20:21:46 INFO event_listener.py:106: Waiting for Komorebi to subscribe to named pipe yasb-225a9904-e4e1-11ef-bdd6-00e04c742203
2025-02-06 20:21:46 INFO watcher.py:39: Created file watcher for path C:\Users\ogoes\.config\yasb
2025-02-06 20:21:46 DEBUG _windows.py:213: Starting (proactor: <_IocpProactor overlapped#=0 result#=0>)...
2025-02-06 20:21:46 DEBUG _windows.py:192: Thread started
2025-02-06 20:21:46 INFO event_listener.py:118: Komorebi connected to named pipe: yasb-225a9904-e4e1-11ef-bdd6-00e04c742203
2025-02-06 20:21:49 INFO log.py:21: Yasb v1.5.8
2025-02-06 20:21:49 DEBUG win32.py:58: Looking up time zone info from registry
2025-02-06 20:21:49 INFO weather.py:359: Fetched new weather data at 2025-02-06 20:21:49.396809
2025-02-06 20:21:49 DEBUG __init__.py:140: CoInitializeEx(None, 2)
2025-02-06 20:21:49 INFO app_bar.py:103: Bar Created on Screen: PGCTRBL01 [Bar Height: 104px, DPI Scale: 1.0, Scale Screen: True, Screen Geometry: X: 0, Y: 0, Screen Width: 2560, Screen Height: 1440]
2025-02-06 20:21:49 INFO event_listener.py:52: Created named pipe yasb-242d4ab7-e4e1-11ef-9e24-00e04c742203
2025-02-06 20:21:49 INFO event_listener.py:106: Waiting for Komorebi to subscribe to named pipe yasb-242d4ab7-e4e1-11ef-9e24-00e04c742203
2025-02-06 20:21:49 INFO watcher.py:39: Created file watcher for path C:\Users\ogoes\.config\yasb
2025-02-06 20:21:49 DEBUG _windows.py:213: Starting (proactor: <_IocpProactor overlapped#=0 result#=0>)...
2025-02-06 20:21:49 DEBUG _windows.py:192: Thread started
2025-02-06 20:21:49 INFO event_listener.py:118: Komorebi connected to named pipe: yasb-242d4ab7-e4e1-11ef-9e24-00e04c742203
2025-02-06 20:21:56 INFO log.py:21: Yasb v1.5.8
2025-02-06 20:21:56 DEBUG win32.py:58: Looking up time zone info from registry
2025-02-06 20:21:56 INFO weather.py:359: Fetched new weather data at 2025-02-06 20:21:56.746822
2025-02-06 20:21:56 DEBUG __init__.py:140: CoInitializeEx(None, 2)
2025-02-06 20:21:56 INFO app_bar.py:103: Bar Created on Screen: PGCTRBL01 [Bar Height: 44px, DPI Scale: 1.0, Scale Screen: True, Screen Geometry: X: 0, Y: 0, Screen Width: 2560, Screen Height: 1440]
2025-02-06 20:21:57 INFO event_listener.py:52: Created named pipe yasb-288f1e79-e4e1-11ef-a2ad-00e04c742203
2025-02-06 20:21:57 INFO event_listener.py:106: Waiting for Komorebi to subscribe to named pipe yasb-288f1e79-e4e1-11ef-a2ad-00e04c742203
2025-02-06 20:21:57 INFO watcher.py:39: Created file watcher for path C:\Users\ogoes\.config\yasb
2025-02-06 20:21:57 DEBUG _windows.py:213: Starting (proactor: <_IocpProactor overlapped#=0 result#=0>)...
2025-02-06 20:21:57 DEBUG _windows.py:192: Thread started
2025-02-06 20:21:57 INFO event_listener.py:118: Komorebi connected to named pipe: yasb-288f1e79-e4e1-11ef-a2ad-00e04c742203
2025-02-06 20:22:02 INFO log.py:21: Yasb v1.5.8
2025-02-06 20:22:02 DEBUG win32.py:58: Looking up time zone info from registry
2025-02-06 20:22:02 INFO weather.py:359: Fetched new weather data at 2025-02-06 20:22:02.881641
2025-02-06 20:22:02 DEBUG __init__.py:140: CoInitializeEx(None, 2)
2025-02-06 20:22:02 INFO app_bar.py:103: Bar Created on Screen: PGCTRBL01 [Bar Height: 40px, DPI Scale: 1.0, Scale Screen: True, Screen Geometry: X: 0, Y: 0, Screen Width: 2560, Screen Height: 1440]
2025-02-06 20:22:03 INFO event_listener.py:52: Created named pipe yasb-2c36e3e9-e4e1-11ef-bd72-00e04c742203
2025-02-06 20:22:03 INFO event_listener.py:106: Waiting for Komorebi to subscribe to named pipe yasb-2c36e3e9-e4e1-11ef-bd72-00e04c742203
2025-02-06 20:22:03 INFO watcher.py:39: Created file watcher for path C:\Users\ogoes\.config\yasb
2025-02-06 20:22:03 DEBUG _windows.py:213: Starting (proactor: <_IocpProactor overlapped#=0 result#=0>)...
2025-02-06 20:22:03 DEBUG _windows.py:192: Thread started
2025-02-06 20:22:03 INFO event_listener.py:118: Komorebi connected to named pipe: yasb-2c36e3e9-e4e1-11ef-bd72-00e04c742203
2025-02-06 20:22:07 INFO log.py:21: Yasb v1.5.8
2025-02-06 20:22:07 DEBUG win32.py:58: Looking up time zone info from registry
2025-02-06 20:22:07 INFO weather.py:359: Fetched new weather data at 2025-02-06 20:22:07.621079
2025-02-06 20:22:07 DEBUG __init__.py:140: CoInitializeEx(None, 2)
2025-02-06 20:22:07 INFO app_bar.py:103: Bar Created on Screen: PGCTRBL01 [Bar Height: 44px, DPI Scale: 1.0, Scale Screen: True, Screen Geometry: X: 0, Y: 0, Screen Width: 2560, Screen Height: 1440]
2025-02-06 20:22:07 INFO event_listener.py:52: Created named pipe yasb-2f0a110d-e4e1-11ef-9ce8-00e04c742203
2025-02-06 20:22:07 INFO event_listener.py:106: Waiting for Komorebi to subscribe to named pipe yasb-2f0a110d-e4e1-11ef-9ce8-00e04c742203
2025-02-06 20:22:08 INFO watcher.py:39: Created file watcher for path C:\Users\ogoes\.config\yasb
2025-02-06 20:22:08 DEBUG _windows.py:213: Starting (proactor: <_IocpProactor overlapped#=0 result#=0>)...
2025-02-06 20:22:08 DEBUG _windows.py:192: Thread started
2025-02-06 20:22:08 INFO event_listener.py:118: Komorebi connected to named pipe: yasb-2f0a110d-e4e1-11ef-9ce8-00e04c742203
2025-02-06 20:22:17 INFO log.py:21: Yasb v1.5.8
2025-02-06 20:22:17 DEBUG win32.py:58: Looking up time zone info from registry
2025-02-06 20:22:17 INFO weather.py:359: Fetched new weather data at 2025-02-06 20:22:17.456261
2025-02-06 20:22:17 DEBUG __init__.py:140: CoInitializeEx(None, 2)
2025-02-06 20:22:17 INFO app_bar.py:103: Bar Created on Screen: PGCTRBL01 [Bar Height: 40px, DPI Scale: 1.0, Scale Screen: True, Screen Geometry: X: 0, Y: 0, Screen Width: 2560, Screen Height: 1440]
2025-02-06 20:22:17 INFO event_listener.py:52: Created named pipe yasb-34e7e67e-e4e1-11ef-ad66-00e04c742203
2025-02-06 20:22:17 INFO event_listener.py:106: Waiting for Komorebi to subscribe to named pipe yasb-34e7e67e-e4e1-11ef-ad66-00e04c742203
2025-02-06 20:22:17 INFO watcher.py:39: Created file watcher for path C:\Users\ogoes\.config\yasb
2025-02-06 20:22:17 DEBUG _windows.py:213: Starting (proactor: <_IocpProactor overlapped#=0 result#=0>)...
2025-02-06 20:22:17 DEBUG _windows.py:192: Thread started
2025-02-06 20:22:17 INFO event_listener.py:118: Komorebi connected to named pipe: yasb-34e7e67e-e4e1-11ef-ad66-00e04c742203
2025-02-06 20:22:24 INFO log.py:21: Yasb v1.5.8
2025-02-06 20:22:24 DEBUG win32.py:58: Looking up time zone info from registry
2025-02-06 20:22:25 INFO weather.py:359: Fetched new weather data at 2025-02-06 20:22:25.162177
2025-02-06 20:22:25 DEBUG __init__.py:140: CoInitializeEx(None, 2)
2025-02-06 20:22:25 INFO app_bar.py:103: Bar Created on Screen: PGCTRBL01 [Bar Height: 44px, DPI Scale: 1.0, Scale Screen: True, Screen Geometry: X: 0, Y: 0, Screen Width: 2560, Screen Height: 1440]
2025-02-06 20:22:25 INFO event_listener.py:52: Created named pipe yasb-397eccf9-e4e1-11ef-b7ce-00e04c742203
2025-02-06 20:22:25 INFO event_listener.py:106: Waiting for Komorebi to subscribe to named pipe yasb-397eccf9-e4e1-11ef-b7ce-00e04c742203
2025-02-06 20:22:25 INFO watcher.py:39: Created file watcher for path C:\Users\ogoes\.config\yasb
2025-02-06 20:22:25 DEBUG _windows.py:213: Starting (proactor: <_IocpProactor overlapped#=0 result#=0>)...
2025-02-06 20:22:25 DEBUG _windows.py:192: Thread started
2025-02-06 20:22:25 INFO event_listener.py:118: Komorebi connected to named pipe: yasb-397eccf9-e4e1-11ef-b7ce-00e04c742203
2025-02-06 20:32:25 INFO weather.py:359: Fetched new weather data at 2025-02-06 20:32:25.155808
2025-02-06 20:34:08 INFO log.py:21: Yasb v1.5.8
2025-02-06 20:34:08 DEBUG win32.py:58: Looking up time zone info from registry
2025-02-06 20:34:08 INFO weather.py:359: Fetched new weather data at 2025-02-06 20:34:08.494096
2025-02-06 20:34:08 DEBUG __init__.py:140: CoInitializeEx(None, 2)
2025-02-06 20:34:08 INFO app_bar.py:103: Bar Created on Screen: PGCTRBL01 [Bar Height: 44px, DPI Scale: 1.0, Scale Screen: True, Screen Geometry: X: 0, Y: 0, Screen Width: 2560, Screen Height: 1440]
2025-02-06 20:34:08 INFO event_listener.py:52: Created named pipe yasb-dcb93ac6-e4e2-11ef-9ac8-00e04c742203
2025-02-06 20:34:08 INFO event_listener.py:106: Waiting for Komorebi to subscribe to named pipe yasb-dcb93ac6-e4e2-11ef-9ac8-00e04c742203
2025-02-06 20:34:08 INFO watcher.py:39: Created file watcher for path C:\Users\ogoes\.config\yasb
2025-02-06 20:34:08 DEBUG _windows.py:213: Starting (proactor: <_IocpProactor overlapped#=0 result#=0>)...
2025-02-06 20:34:08 DEBUG _windows.py:192: Thread started
2025-02-06 20:34:08 INFO event_listener.py:118: Komorebi connected to named pipe: yasb-dcb93ac6-e4e2-11ef-9ac8-00e04c742203
2025-02-06 20:35:14 INFO log.py:21: Yasb v1.5.8
2025-02-06 20:35:14 DEBUG win32.py:58: Looking up time zone info from registry
2025-02-06 20:35:14 INFO weather.py:359: Fetched new weather data at 2025-02-06 20:35:14.710702
2025-02-06 20:35:14 DEBUG __init__.py:140: CoInitializeEx(None, 2)
2025-02-06 20:35:14 INFO app_bar.py:103: Bar Created on Screen: PGCTRBL01 [Bar Height: 44px, DPI Scale: 1.0, Scale Screen: True, Screen Geometry: X: 0, Y: 0, Screen Width: 2560, Screen Height: 1440]
2025-02-06 20:35:15 INFO event_listener.py:52: Created named pipe yasb-042d1cbe-e4e3-11ef-88e8-00e04c742203
2025-02-06 20:35:15 INFO event_listener.py:106: Waiting for Komorebi to subscribe to named pipe yasb-042d1cbe-e4e3-11ef-88e8-00e04c742203
2025-02-06 20:35:15 INFO watcher.py:39: Created file watcher for path C:\Users\ogoes\.config\yasb
2025-02-06 20:35:15 DEBUG _windows.py:213: Starting (proactor: <_IocpProactor overlapped#=0 result#=0>)...
2025-02-06 20:35:15 DEBUG _windows.py:192: Thread started
2025-02-06 20:35:15 INFO event_listener.py:118: Komorebi connected to named pipe: yasb-042d1cbe-e4e3-11ef-88e8-00e04c742203
2025-02-06 20:36:15 INFO log.py:21: Yasb v1.5.8
2025-02-06 20:36:15 DEBUG win32.py:58: Looking up time zone info from registry
2025-02-06 20:36:15 INFO weather.py:359: Fetched new weather data at 2025-02-06 20:36:15.662022
2025-02-06 20:36:15 DEBUG __init__.py:140: CoInitializeEx(None, 2)
2025-02-06 20:36:15 INFO app_bar.py:103: Bar Created on Screen: PGCTRBL01 [Bar Height: 44px, DPI Scale: 1.0, Scale Screen: True, Screen Geometry: X: 0, Y: 0, Screen Width: 2560, Screen Height: 1440]
2025-02-06 20:36:16 INFO event_listener.py:52: Created named pipe yasb-28837fce-e4e3-11ef-9b4d-00e04c742203
2025-02-06 20:36:16 INFO event_listener.py:106: Waiting for Komorebi to subscribe to named pipe yasb-28837fce-e4e3-11ef-9b4d-00e04c742203
2025-02-06 20:36:16 INFO watcher.py:39: Created file watcher for path C:\Users\ogoes\.config\yasb
2025-02-06 20:36:16 DEBUG _windows.py:213: Starting (proactor: <_IocpProactor overlapped#=0 result#=0>)...
2025-02-06 20:36:16 DEBUG _windows.py:192: Thread started
2025-02-06 20:36:16 INFO event_listener.py:118: Komorebi connected to named pipe: yasb-28837fce-e4e3-11ef-9b4d-00e04c742203
2025-02-06 20:37:18 INFO bar_manager.py:47: Successfully loaded updated stylesheet and applied to all bars.
2025-02-06 20:37:23 INFO bar_manager.py:47: Successfully loaded updated stylesheet and applied to all bars.
2025-02-06 20:37:32 INFO bar_manager.py:47: Successfully loaded updated stylesheet and applied to all bars.
2025-02-06 20:37:36 INFO bar_manager.py:47: Successfully loaded updated stylesheet and applied to all bars.
2025-02-06 20:37:39 INFO bar_manager.py:47: Successfully loaded updated stylesheet and applied to all bars.
2025-02-06 20:37:42 INFO bar_manager.py:47: Successfully loaded updated stylesheet and applied to all bars.
2025-02-06 20:37:43 INFO bar_manager.py:47: Successfully loaded updated stylesheet and applied to all bars.
2025-02-06 20:37:48 INFO bar_manager.py:47: Successfully loaded updated stylesheet and applied to all bars.
2025-02-06 20:37:53 INFO bar_manager.py:47: Successfully loaded updated stylesheet and applied to all bars.
2025-02-06 20:38:02 INFO bar_manager.py:47: Successfully loaded updated stylesheet and applied to all bars.
2025-02-06 20:38:10 INFO bar_manager.py:47: Successfully loaded updated stylesheet and applied to all bars.
2025-02-06 20:38:26 INFO bar_manager.py:47: Successfully loaded updated stylesheet and applied to all bars.
2025-02-06 20:38:36 INFO bar_manager.py:47: Successfully loaded updated stylesheet and applied to all bars.
2025-02-06 20:38:41 INFO bar_manager.py:47: Successfully loaded updated stylesheet and applied to all bars.
2025-02-06 20:38:51 INFO bar_manager.py:47: Successfully loaded updated stylesheet and applied to all bars.
2025-02-06 20:39:13 INFO bar_manager.py:47: Successfully loaded updated stylesheet and applied to all bars.
2025-02-06 20:40:03 INFO bar_manager.py:47: Successfully loaded updated stylesheet and applied to all bars.
2025-02-06 20:40:16 INFO bar_manager.py:47: Successfully loaded updated stylesheet and applied to all bars.
2025-02-06 20:40:24 INFO bar_manager.py:47: Successfully loaded updated stylesheet and applied to all bars.
2025-02-06 20:40:33 INFO bar_manager.py:47: Successfully loaded updated stylesheet and applied to all bars.
2025-02-06 20:40:52 INFO bar_manager.py:47: Successfully loaded updated stylesheet and applied to all bars.
2025-02-06 20:40:54 INFO bar_manager.py:47: Successfully loaded updated stylesheet and applied to all bars.
2025-02-06 20:40:57 INFO bar_manager.py:47: Successfully loaded updated stylesheet and applied to all bars.
2025-02-06 20:41:02 INFO bar_manager.py:47: Successfully loaded updated stylesheet and applied to all bars.
2025-02-06 20:41:04 INFO bar_manager.py:47: Successfully loaded updated stylesheet and applied to all bars.
2025-02-06 20:41:17 INFO bar_manager.py:47: Successfully loaded updated stylesheet and applied to all bars.
2025-02-06 20:41:44 INFO tray.py:192: Created shortcut at C:\Users\ogoes\AppData\Roaming\Microsoft\Windows\Start Menu\Programs\Startup\yasb.lnk
2025-02-06 20:42:32 INFO bar_manager.py:47: Successfully loaded updated stylesheet and applied to all bars.
2025-02-06 20:42:34 INFO bar_manager.py:47: Successfully loaded updated stylesheet and applied to all bars.
2025-02-06 20:43:05 INFO bar_manager.py:47: Successfully loaded updated stylesheet and applied to all bars.
2025-02-06 20:43:09 INFO bar_manager.py:47: Successfully loaded updated stylesheet and applied to all bars.
2025-02-06 20:43:11 INFO bar_manager.py:47: Successfully loaded updated stylesheet and applied to all bars.
2025-02-06 20:43:16 INFO bar_manager.py:47: Successfully loaded updated stylesheet and applied to all bars.
2025-02-06 20:43:36 INFO bar_manager.py:47: Successfully loaded updated stylesheet and applied to all bars.
2025-02-06 20:43:41 INFO bar_manager.py:47: Successfully loaded updated stylesheet and applied to all bars.
2025-02-06 20:45:04 INFO bar_manager.py:47: Successfully loaded updated stylesheet and applied to all bars.
2025-02-06 20:46:15 INFO weather.py:359: Fetched new weather data at 2025-02-06 20:46:15.656701
2025-02-06 20:46:46 INFO bar_manager.py:47: Successfully loaded updated stylesheet and applied to all bars.
2025-02-06 20:48:14 INFO log.py:21: Yasb v1.5.8
2025-02-06 20:48:14 DEBUG win32.py:58: Looking up time zone info from registry
2025-02-06 20:48:14 DEBUG __init__.py:140: CoInitializeEx(None, 2)
2025-02-06 20:48:14 INFO weather.py:359: Fetched new weather data at 2025-02-06 20:48:14.766427
2025-02-06 20:48:14 INFO app_bar.py:103: Bar Created on Screen: PGCTRBL01 [Bar Height: 44px, DPI Scale: 1.0, Scale Screen: True, Screen Geometry: X: 0, Y: 0, Screen Width: 2560, Screen Height: 1440]
2025-02-06 20:48:15 INFO event_listener.py:52: Created named pipe yasb-d51afc43-e4e4-11ef-8e0c-00e04c742203
2025-02-06 20:48:15 INFO event_listener.py:106: Waiting for Komorebi to subscribe to named pipe yasb-d51afc43-e4e4-11ef-8e0c-00e04c742203
2025-02-06 20:48:15 INFO watcher.py:39: Created file watcher for path C:\Users\ogoes\.config\yasb
2025-02-06 20:48:15 DEBUG _windows.py:213: Starting (proactor: <_IocpProactor overlapped#=0 result#=0>)...
2025-02-06 20:48:15 DEBUG _windows.py:192: Thread started
2025-02-06 20:48:15 INFO event_listener.py:118: Komorebi connected to named pipe: yasb-d51afc43-e4e4-11ef-8e0c-00e04c742203
2025-02-06 20:48:32 INFO log.py:21: Yasb v1.5.8
2025-02-06 20:48:32 DEBUG win32.py:58: Looking up time zone info from registry
2025-02-06 20:48:32 INFO weather.py:359: Fetched new weather data at 2025-02-06 20:48:32.465449
2025-02-06 20:48:32 DEBUG __init__.py:140: CoInitializeEx(None, 2)
2025-02-06 20:48:32 INFO app_bar.py:103: Bar Created on Screen: PGCTRBL01 [Bar Height: 44px, DPI Scale: 1.0, Scale Screen: True, Screen Geometry: X: 0, Y: 0, Screen Width: 2560, Screen Height: 1440]
2025-02-06 20:48:32 INFO event_listener.py:52: Created named pipe yasb-dfc0ade0-e4e4-11ef-a8d3-00e04c742203
2025-02-06 20:48:32 INFO event_listener.py:106: Waiting for Komorebi to subscribe to named pipe yasb-dfc0ade0-e4e4-11ef-a8d3-00e04c742203
2025-02-06 20:48:32 INFO watcher.py:39: Created file watcher for path C:\Users\ogoes\.config\yasb
2025-02-06 20:48:32 DEBUG _windows.py:213: Starting (proactor: <_IocpProactor overlapped#=0 result#=0>)...
2025-02-06 20:48:32 DEBUG _windows.py:192: Thread started
2025-02-06 20:48:33 INFO event_listener.py:118: Komorebi connected to named pipe: yasb-dfc0ade0-e4e4-11ef-a8d3-00e04c742203
2025-02-06 20:48:44 INFO log.py:21: Yasb v1.5.8
2025-02-06 20:48:44 DEBUG win32.py:58: Looking up time zone info from registry
2025-02-06 20:48:44 INFO weather.py:359: Fetched new weather data at 2025-02-06 20:48:44.242170
2025-02-06 20:48:44 DEBUG __init__.py:140: CoInitializeEx(None, 2)
2025-02-06 20:48:44 INFO app_bar.py:103: Bar Created on Screen: PGCTRBL01 [Bar Height: 44px, DPI Scale: 1.0, Scale Screen: True, Screen Geometry: X: 0, Y: 0, Screen Width: 2560, Screen Height: 1440]
2025-02-06 20:48:44 INFO event_listener.py:52: Created named pipe yasb-e6c4fa6e-e4e4-11ef-9eff-00e04c742203
2025-02-06 20:48:44 INFO event_listener.py:106: Waiting for Komorebi to subscribe to named pipe yasb-e6c4fa6e-e4e4-11ef-9eff-00e04c742203
2025-02-06 20:48:44 INFO watcher.py:39: Created file watcher for path C:\Users\ogoes\.config\yasb
2025-02-06 20:48:44 DEBUG _windows.py:213: Starting (proactor: <_IocpProactor overlapped#=0 result#=0>)...
2025-02-06 20:48:44 DEBUG _windows.py:192: Thread started
2025-02-06 20:48:44 INFO event_listener.py:118: Komorebi connected to named pipe: yasb-e6c4fa6e-e4e4-11ef-9eff-00e04c742203
2025-02-06 20:49:00 INFO log.py:21: Yasb v1.5.8
2025-02-06 20:49:00 DEBUG win32.py:58: Looking up time zone info from registry
2025-02-06 20:49:00 INFO weather.py:359: Fetched new weather data at 2025-02-06 20:49:00.646197
2025-02-06 20:49:00 DEBUG __init__.py:140: CoInitializeEx(None, 2)
2025-02-06 20:49:00 INFO app_bar.py:103: Bar Created on Screen: PGCTRBL01 [Bar Height: 44px, DPI Scale: 1.0, Scale Screen: True, Screen Geometry: X: 0, Y: 0, Screen Width: 2560, Screen Height: 1440]
2025-02-06 20:49:01 INFO event_listener.py:52: Created named pipe yasb-f078ce29-e4e4-11ef-a858-00e04c742203
2025-02-06 20:49:01 INFO event_listener.py:106: Waiting for Komorebi to subscribe to named pipe yasb-f078ce29-e4e4-11ef-a858-00e04c742203
2025-02-06 20:49:01 INFO watcher.py:39: Created file watcher for path C:\Users\ogoes\.config\yasb
2025-02-06 20:49:01 DEBUG _windows.py:213: Starting (proactor: <_IocpProactor overlapped#=0 result#=0>)...
2025-02-06 20:49:01 DEBUG _windows.py:192: Thread started
2025-02-06 20:49:01 INFO event_listener.py:118: Komorebi connected to named pipe: yasb-f078ce29-e4e4-11ef-a858-00e04c742203
2025-02-06 20:49:11 INFO log.py:21: Yasb v1.5.8
2025-02-06 20:49:11 DEBUG win32.py:58: Looking up time zone info from registry
2025-02-06 20:49:11 DEBUG __init__.py:140: CoInitializeEx(None, 2)
2025-02-06 20:49:12 INFO weather.py:359: Fetched new weather data at 2025-02-06 20:49:12.024881
2025-02-06 20:49:12 INFO app_bar.py:103: Bar Created on Screen: PGCTRBL01 [Bar Height: 44px, DPI Scale: 1.0, Scale Screen: True, Screen Geometry: X: 0, Y: 0, Screen Width: 2560, Screen Height: 1440]
2025-02-06 20:49:12 INFO event_listener.py:52: Created named pipe yasb-f73b24f3-e4e4-11ef-92e5-00e04c742203
2025-02-06 20:49:12 INFO event_listener.py:106: Waiting for Komorebi to subscribe to named pipe yasb-f73b24f3-e4e4-11ef-92e5-00e04c742203
2025-02-06 20:49:12 INFO watcher.py:39: Created file watcher for path C:\Users\ogoes\.config\yasb
2025-02-06 20:49:12 DEBUG _windows.py:213: Starting (proactor: <_IocpProactor overlapped#=0 result#=0>)...
2025-02-06 20:49:12 DEBUG _windows.py:192: Thread started
2025-02-06 20:49:12 INFO event_listener.py:118: Komorebi connected to named pipe: yasb-f73b24f3-e4e4-11ef-92e5-00e04c742203
2025-02-06 20:49:31 INFO log.py:21: Yasb v1.5.8
2025-02-06 20:49:31 DEBUG win32.py:58: Looking up time zone info from registry
2025-02-06 20:49:32 DEBUG __init__.py:140: CoInitializeEx(None, 2)
2025-02-06 20:49:32 INFO weather.py:359: Fetched new weather data at 2025-02-06 20:49:32.153723
2025-02-06 20:49:32 WARNING widget_builder.py:38: No widget config could be found for widget 'cpu
2025-02-06 20:49:32 INFO app_bar.py:103: Bar Created on Screen: PGCTRBL01 [Bar Height: 44px, DPI Scale: 1.0, Scale Screen: True, Screen Geometry: X: 0, Y: 0, Screen Width: 2560, Screen Height: 1440]
2025-02-06 20:49:32 ERROR widget_builder.py:77: Failed to add undefined widget(s)  - The widget "cpu" is undefined.
2025-02-06 20:49:32 INFO event_listener.py:52: Created named pipe yasb-033aab58-e4e5-11ef-9ae3-00e04c742203
2025-02-06 20:49:32 INFO event_listener.py:106: Waiting for Komorebi to subscribe to named pipe yasb-033aab58-e4e5-11ef-9ae3-00e04c742203
2025-02-06 20:49:32 INFO event_listener.py:118: Komorebi connected to named pipe: yasb-033aab58-e4e5-11ef-9ae3-00e04c742203
2025-02-06 20:49:36 INFO watcher.py:39: Created file watcher for path C:\Users\ogoes\.config\yasb
2025-02-06 20:49:36 DEBUG _windows.py:213: Starting (proactor: <_IocpProactor overlapped#=0 result#=0>)...
2025-02-06 20:49:36 DEBUG _windows.py:192: Thread started
2025-02-06 20:49:39 INFO log.py:21: Yasb v1.5.8
2025-02-06 20:49:39 DEBUG win32.py:58: Looking up time zone info from registry
2025-02-06 20:49:39 DEBUG __init__.py:140: CoInitializeEx(None, 2)
2025-02-06 20:49:39 INFO weather.py:359: Fetched new weather data at 2025-02-06 20:49:39.794701
2025-02-06 20:49:39 INFO app_bar.py:103: Bar Created on Screen: PGCTRBL01 [Bar Height: 44px, DPI Scale: 1.0, Scale Screen: True, Screen Geometry: X: 0, Y: 0, Screen Width: 2560, Screen Height: 1440]
2025-02-06 20:49:40 INFO event_listener.py:52: Created named pipe yasb-07c976ec-e4e5-11ef-aaf7-00e04c742203
2025-02-06 20:49:40 INFO event_listener.py:106: Waiting for Komorebi to subscribe to named pipe yasb-07c976ec-e4e5-11ef-aaf7-00e04c742203
2025-02-06 20:49:40 INFO watcher.py:39: Created file watcher for path C:\Users\ogoes\.config\yasb
2025-02-06 20:49:40 DEBUG _windows.py:213: Starting (proactor: <_IocpProactor overlapped#=0 result#=0>)...
2025-02-06 20:49:40 DEBUG _windows.py:192: Thread started
2025-02-06 20:49:40 INFO event_listener.py:118: Komorebi connected to named pipe: yasb-07c976ec-e4e5-11ef-aaf7-00e04c742203
2025-02-06 20:50:32 ERROR config.py:99: The file 'C:\Users\ogoes\.config\yasb\config.yaml' contains Parser Error(s). Please fix:
while parsing a block mapping
  in "C:\Users\ogoes\.config\yasb\config.yaml", line 199, column 9
expected <block end>, but found '<scalar>'
  in "C:\Users\ogoes\.config\yasb\config.yaml", line 199, column 40
2025-02-06 20:50:32 ERROR config.py:99: The file 'C:\Users\ogoes\.config\yasb\config.yaml' contains Parser Error(s). Please fix:
while parsing a block mapping
  in "C:\Users\ogoes\.config\yasb\config.yaml", line 199, column 9
expected <block end>, but found '<scalar>'
  in "C:\Users\ogoes\.config\yasb\config.yaml", line 199, column 40
2025-02-06 20:50:32 ERROR config.py:99: The file 'C:\Users\ogoes\.config\yasb\config.yaml' contains Parser Error(s). Please fix:
while parsing a block mapping
  in "C:\Users\ogoes\.config\yasb\config.yaml", line 199, column 9
expected <block end>, but found '<scalar>'
  in "C:\Users\ogoes\.config\yasb\config.yaml", line 199, column 40
2025-02-06 20:50:59 INFO log.py:21: Yasb v1.5.8
2025-02-06 20:50:59 DEBUG win32.py:58: Looking up time zone info from registry
2025-02-06 20:50:59 DEBUG __init__.py:140: CoInitializeEx(None, 2)
2025-02-06 20:50:59 INFO weather.py:359: Fetched new weather data at 2025-02-06 20:50:59.535899
2025-02-06 20:50:59 INFO app_bar.py:103: Bar Created on Screen: PGCTRBL01 [Bar Height: 44px, DPI Scale: 1.0, Scale Screen: True, Screen Geometry: X: 0, Y: 0, Screen Width: 2560, Screen Height: 1440]
2025-02-06 20:50:59 INFO event_listener.py:52: Created named pipe yasb-375338c2-e4e5-11ef-b7e6-00e04c742203
2025-02-06 20:50:59 INFO event_listener.py:106: Waiting for Komorebi to subscribe to named pipe yasb-375338c2-e4e5-11ef-b7e6-00e04c742203
2025-02-06 20:50:59 INFO watcher.py:39: Created file watcher for path C:\Users\ogoes\.config\yasb
2025-02-06 20:50:59 DEBUG _windows.py:213: Starting (proactor: <_IocpProactor overlapped#=0 result#=0>)...
2025-02-06 20:50:59 DEBUG _windows.py:192: Thread started
2025-02-06 20:50:59 INFO event_listener.py:118: Komorebi connected to named pipe: yasb-375338c2-e4e5-11ef-b7e6-00e04c742203
2025-02-06 20:51:13 INFO log.py:21: Yasb v1.5.8
2025-02-06 20:51:13 DEBUG win32.py:58: Looking up time zone info from registry
2025-02-06 20:51:13 DEBUG __init__.py:140: CoInitializeEx(None, 2)
2025-02-06 20:51:13 INFO weather.py:359: Fetched new weather data at 2025-02-06 20:51:13.562471
2025-02-06 20:51:13 INFO app_bar.py:103: Bar Created on Screen: PGCTRBL01 [Bar Height: 44px, DPI Scale: 1.0, Scale Screen: True, Screen Geometry: X: 0, Y: 0, Screen Width: 2560, Screen Height: 1440]
2025-02-06 20:51:13 INFO event_listener.py:52: Created named pipe yasb-3faf3572-e4e5-11ef-b5ea-00e04c742203
2025-02-06 20:51:13 INFO event_listener.py:106: Waiting for Komorebi to subscribe to named pipe yasb-3faf3572-e4e5-11ef-b5ea-00e04c742203
2025-02-06 20:51:13 INFO watcher.py:39: Created file watcher for path C:\Users\ogoes\.config\yasb
2025-02-06 20:51:13 DEBUG _windows.py:213: Starting (proactor: <_IocpProactor overlapped#=0 result#=0>)...
2025-02-06 20:51:13 DEBUG _windows.py:192: Thread started
2025-02-06 20:51:13 INFO event_listener.py:118: Komorebi connected to named pipe: yasb-3faf3572-e4e5-11ef-b5ea-00e04c742203
2025-02-06 20:52:19 INFO log.py:21: Yasb v1.5.8
2025-02-06 20:52:19 DEBUG win32.py:58: Looking up time zone info from registry
2025-02-06 20:52:19 DEBUG __init__.py:140: CoInitializeEx(None, 2)
2025-02-06 20:52:19 INFO weather.py:359: Fetched new weather data at 2025-02-06 20:52:19.690411
2025-02-06 20:52:19 INFO app_bar.py:103: Bar Created on Screen: PGCTRBL01 [Bar Height: 44px, DPI Scale: 1.0, Scale Screen: True, Screen Geometry: X: 0, Y: 0, Screen Width: 2560, Screen Height: 1440]
2025-02-06 20:52:20 INFO event_listener.py:52: Created named pipe yasb-671b3742-e4e5-11ef-bf3d-00e04c742203
2025-02-06 20:52:20 INFO event_listener.py:106: Waiting for Komorebi to subscribe to named pipe yasb-671b3742-e4e5-11ef-bf3d-00e04c742203
2025-02-06 20:52:20 INFO watcher.py:39: Created file watcher for path C:\Users\ogoes\.config\yasb
2025-02-06 20:52:20 DEBUG _windows.py:213: Starting (proactor: <_IocpProactor overlapped#=0 result#=0>)...
2025-02-06 20:52:20 DEBUG _windows.py:192: Thread started
2025-02-06 20:52:20 INFO event_listener.py:118: Komorebi connected to named pipe: yasb-671b3742-e4e5-11ef-bf3d-00e04c742203
2025-02-06 20:53:11 INFO log.py:21: Yasb v1.5.8
2025-02-06 20:53:11 DEBUG win32.py:58: Looking up time zone info from registry
2025-02-06 20:53:11 DEBUG __init__.py:140: CoInitializeEx(None, 2)
2025-02-06 20:53:11 INFO weather.py:359: Fetched new weather data at 2025-02-06 20:53:11.671868
2025-02-06 20:53:11 INFO app_bar.py:103: Bar Created on Screen: PGCTRBL01 [Bar Height: 44px, DPI Scale: 1.0, Scale Screen: True, Screen Geometry: X: 0, Y: 0, Screen Width: 2560, Screen Height: 1440]
2025-02-06 20:53:12 INFO event_listener.py:52: Created named pipe yasb-8615623d-e4e5-11ef-aed0-00e04c742203
2025-02-06 20:53:12 INFO event_listener.py:106: Waiting for Komorebi to subscribe to named pipe yasb-8615623d-e4e5-11ef-aed0-00e04c742203
2025-02-06 20:53:12 INFO watcher.py:39: Created file watcher for path C:\Users\ogoes\.config\yasb
2025-02-06 20:53:12 DEBUG _windows.py:213: Starting (proactor: <_IocpProactor overlapped#=0 result#=0>)...
2025-02-06 20:53:12 DEBUG _windows.py:192: Thread started
2025-02-06 20:53:12 INFO event_listener.py:118: Komorebi connected to named pipe: yasb-8615623d-e4e5-11ef-aed0-00e04c742203
2025-02-06 20:53:36 INFO log.py:21: Yasb v1.5.8
2025-02-06 20:53:36 DEBUG win32.py:58: Looking up time zone info from registry
2025-02-06 20:53:36 DEBUG __init__.py:140: CoInitializeEx(None, 2)
2025-02-06 20:53:36 INFO weather.py:359: Fetched new weather data at 2025-02-06 20:53:36.962134
2025-02-06 20:53:36 INFO app_bar.py:103: Bar Created on Screen: PGCTRBL01 [Bar Height: 44px, DPI Scale: 1.0, Scale Screen: True, Screen Geometry: X: 0, Y: 0, Screen Width: 2560, Screen Height: 1440]
2025-02-06 20:53:37 INFO event_listener.py:52: Created named pipe yasb-95276e05-e4e5-11ef-806d-00e04c742203
2025-02-06 20:53:37 INFO event_listener.py:106: Waiting for Komorebi to subscribe to named pipe yasb-95276e05-e4e5-11ef-806d-00e04c742203
2025-02-06 20:53:37 INFO watcher.py:39: Created file watcher for path C:\Users\ogoes\.config\yasb
2025-02-06 20:53:37 DEBUG _windows.py:213: Starting (proactor: <_IocpProactor overlapped#=0 result#=0>)...
2025-02-06 20:53:37 DEBUG _windows.py:192: Thread started
2025-02-06 20:53:37 INFO event_listener.py:118: Komorebi connected to named pipe: yasb-95276e05-e4e5-11ef-806d-00e04c742203
2025-02-06 20:54:04 INFO log.py:21: Yasb v1.5.8
2025-02-06 20:54:04 DEBUG win32.py:58: Looking up time zone info from registry
2025-02-06 20:54:05 DEBUG __init__.py:140: CoInitializeEx(None, 2)
2025-02-06 20:54:05 INFO weather.py:359: Fetched new weather data at 2025-02-06 20:54:05.107034
2025-02-06 20:54:05 INFO app_bar.py:103: Bar Created on Screen: PGCTRBL01 [Bar Height: 44px, DPI Scale: 1.0, Scale Screen: True, Screen Geometry: X: 0, Y: 0, Screen Width: 2560, Screen Height: 1440]
2025-02-06 20:54:05 INFO event_listener.py:52: Created named pipe yasb-a5ee26c4-e4e5-11ef-94e8-00e04c742203
2025-02-06 20:54:05 INFO event_listener.py:106: Waiting for Komorebi to subscribe to named pipe yasb-a5ee26c4-e4e5-11ef-94e8-00e04c742203
2025-02-06 20:54:05 INFO watcher.py:39: Created file watcher for path C:\Users\ogoes\.config\yasb
2025-02-06 20:54:05 DEBUG _windows.py:213: Starting (proactor: <_IocpProactor overlapped#=0 result#=0>)...
2025-02-06 20:54:05 DEBUG _windows.py:192: Thread started
2025-02-06 20:54:05 INFO event_listener.py:118: Komorebi connected to named pipe: yasb-a5ee26c4-e4e5-11ef-94e8-00e04c742203
2025-02-06 20:54:30 INFO log.py:21: Yasb v1.5.8
2025-02-06 20:54:30 DEBUG win32.py:58: Looking up time zone info from registry
2025-02-06 20:54:30 DEBUG __init__.py:140: CoInitializeEx(None, 2)
2025-02-06 20:54:30 INFO weather.py:359: Fetched new weather data at 2025-02-06 20:54:30.835848
2025-02-06 20:54:30 INFO app_bar.py:103: Bar Created on Screen: PGCTRBL01 [Bar Height: 44px, DPI Scale: 1.0, Scale Screen: True, Screen Geometry: X: 0, Y: 0, Screen Width: 2560, Screen Height: 1440]
2025-02-06 20:54:31 INFO event_listener.py:52: Created named pipe yasb-b5439ddf-e4e5-11ef-bd1f-00e04c742203
2025-02-06 20:54:31 INFO event_listener.py:106: Waiting for Komorebi to subscribe to named pipe yasb-b5439ddf-e4e5-11ef-bd1f-00e04c742203
2025-02-06 20:54:31 INFO watcher.py:39: Created file watcher for path C:\Users\ogoes\.config\yasb
2025-02-06 20:54:31 DEBUG _windows.py:213: Starting (proactor: <_IocpProactor overlapped#=0 result#=0>)...
2025-02-06 20:54:31 DEBUG _windows.py:192: Thread started
2025-02-06 20:54:31 INFO event_listener.py:118: Komorebi connected to named pipe: yasb-b5439ddf-e4e5-11ef-bd1f-00e04c742203
2025-02-06 20:54:38 INFO log.py:21: Yasb v1.5.8
2025-02-06 20:54:38 DEBUG win32.py:58: Looking up time zone info from registry
2025-02-06 20:54:38 DEBUG __init__.py:140: CoInitializeEx(None, 2)
2025-02-06 20:54:38 INFO weather.py:359: Fetched new weather data at 2025-02-06 20:54:38.371394
2025-02-06 20:54:38 INFO app_bar.py:103: Bar Created on Screen: PGCTRBL01 [Bar Height: 44px, DPI Scale: 1.0, Scale Screen: True, Screen Geometry: X: 0, Y: 0, Screen Width: 2560, Screen Height: 1440]
2025-02-06 20:54:38 INFO event_listener.py:52: Created named pipe yasb-b9c425cf-e4e5-11ef-8f07-00e04c742203
2025-02-06 20:54:38 INFO event_listener.py:106: Waiting for Komorebi to subscribe to named pipe yasb-b9c425cf-e4e5-11ef-8f07-00e04c742203
2025-02-06 20:54:38 INFO watcher.py:39: Created file watcher for path C:\Users\ogoes\.config\yasb
2025-02-06 20:54:38 DEBUG _windows.py:213: Starting (proactor: <_IocpProactor overlapped#=0 result#=0>)...
2025-02-06 20:54:38 DEBUG _windows.py:192: Thread started
2025-02-06 20:54:38 INFO event_listener.py:118: Komorebi connected to named pipe: yasb-b9c425cf-e4e5-11ef-8f07-00e04c742203
2025-02-06 20:55:26 INFO log.py:21: Yasb v1.5.8
2025-02-06 20:55:26 DEBUG win32.py:58: Looking up time zone info from registry
2025-02-06 20:55:27 DEBUG __init__.py:140: CoInitializeEx(None, 2)
2025-02-06 20:55:27 INFO weather.py:359: Fetched new weather data at 2025-02-06 20:55:27.162848
2025-02-06 20:55:27 INFO app_bar.py:103: Bar Created on Screen: PGCTRBL01 [Bar Height: 44px, DPI Scale: 1.0, Scale Screen: True, Screen Geometry: X: 0, Y: 0, Screen Width: 2560, Screen Height: 1440]
2025-02-06 20:55:27 INFO event_listener.py:52: Created named pipe yasb-d6d7636b-e4e5-11ef-830d-00e04c742203
2025-02-06 20:55:27 INFO event_listener.py:106: Waiting for Komorebi to subscribe to named pipe yasb-d6d7636b-e4e5-11ef-830d-00e04c742203
2025-02-06 20:55:27 INFO watcher.py:39: Created file watcher for path C:\Users\ogoes\.config\yasb
2025-02-06 20:55:27 DEBUG _windows.py:213: Starting (proactor: <_IocpProactor overlapped#=0 result#=0>)...
2025-02-06 20:55:27 DEBUG _windows.py:192: Thread started
2025-02-06 20:55:27 INFO event_listener.py:118: Komorebi connected to named pipe: yasb-d6d7636b-e4e5-11ef-830d-00e04c742203
2025-02-06 20:55:36 INFO log.py:21: Yasb v1.5.8
2025-02-06 20:55:36 DEBUG win32.py:58: Looking up time zone info from registry
2025-02-06 20:55:36 DEBUG __init__.py:140: CoInitializeEx(None, 2)
2025-02-06 20:55:36 INFO weather.py:359: Fetched new weather data at 2025-02-06 20:55:36.833446
2025-02-06 20:55:36 INFO app_bar.py:103: Bar Created on Screen: PGCTRBL01 [Bar Height: 44px, DPI Scale: 1.0, Scale Screen: True, Screen Geometry: X: 0, Y: 0, Screen Width: 2560, Screen Height: 1440]
2025-02-06 20:55:37 INFO event_listener.py:52: Created named pipe yasb-dc9fb117-e4e5-11ef-a356-00e04c742203
2025-02-06 20:55:37 INFO event_listener.py:106: Waiting for Komorebi to subscribe to named pipe yasb-dc9fb117-e4e5-11ef-a356-00e04c742203
2025-02-06 20:55:37 INFO watcher.py:39: Created file watcher for path C:\Users\ogoes\.config\yasb
2025-02-06 20:55:37 DEBUG _windows.py:213: Starting (proactor: <_IocpProactor overlapped#=0 result#=0>)...
2025-02-06 20:55:37 DEBUG _windows.py:192: Thread started
2025-02-06 20:55:37 INFO event_listener.py:118: Komorebi connected to named pipe: yasb-dc9fb117-e4e5-11ef-a356-00e04c742203
2025-02-06 20:57:24 INFO log.py:21: Yasb v1.5.8
2025-02-06 20:57:24 DEBUG win32.py:58: Looking up time zone info from registry
2025-02-06 20:57:24 DEBUG __init__.py:140: CoInitializeEx(None, 2)
2025-02-06 20:57:24 INFO weather.py:359: Fetched new weather data at 2025-02-06 20:57:24.829337
2025-02-06 20:57:24 INFO app_bar.py:103: Bar Created on Screen: PGCTRBL01 [Bar Height: 44px, DPI Scale: 1.0, Scale Screen: True, Screen Geometry: X: 0, Y: 0, Screen Width: 2560, Screen Height: 1440]
2025-02-06 20:57:25 INFO event_listener.py:52: Created named pipe yasb-1cfd8e6d-e4e6-11ef-a102-00e04c742203
2025-02-06 20:57:25 INFO event_listener.py:106: Waiting for Komorebi to subscribe to named pipe yasb-1cfd8e6d-e4e6-11ef-a102-00e04c742203
2025-02-06 20:57:25 INFO watcher.py:39: Created file watcher for path C:\Users\ogoes\.config\yasb
2025-02-06 20:57:25 DEBUG _windows.py:213: Starting (proactor: <_IocpProactor overlapped#=0 result#=0>)...
2025-02-06 20:57:25 DEBUG _windows.py:192: Thread started
2025-02-06 20:57:25 INFO event_listener.py:118: Komorebi connected to named pipe: yasb-1cfd8e6d-e4e6-11ef-a102-00e04c742203
2025-02-06 20:57:35 INFO log.py:21: Yasb v1.5.8
2025-02-06 20:57:36 DEBUG win32.py:58: Looking up time zone info from registry
2025-02-06 20:57:36 DEBUG __init__.py:140: CoInitializeEx(None, 2)
2025-02-06 20:57:36 INFO weather.py:359: Fetched new weather data at 2025-02-06 20:57:36.302030
2025-02-06 20:57:36 INFO app_bar.py:103: Bar Created on Screen: PGCTRBL01 [Bar Height: 44px, DPI Scale: 1.0, Scale Screen: True, Screen Geometry: X: 0, Y: 0, Screen Width: 2560, Screen Height: 1440]
2025-02-06 20:57:36 INFO event_listener.py:52: Created named pipe yasb-23dbf3fd-e4e6-11ef-8e38-00e04c742203
2025-02-06 20:57:36 INFO event_listener.py:106: Waiting for Komorebi to subscribe to named pipe yasb-23dbf3fd-e4e6-11ef-8e38-00e04c742203
2025-02-06 20:57:36 INFO watcher.py:39: Created file watcher for path C:\Users\ogoes\.config\yasb
2025-02-06 20:57:36 DEBUG _windows.py:213: Starting (proactor: <_IocpProactor overlapped#=0 result#=0>)...
2025-02-06 20:57:36 DEBUG _windows.py:192: Thread started
2025-02-06 20:57:36 INFO event_listener.py:118: Komorebi connected to named pipe: yasb-23dbf3fd-e4e6-11ef-8e38-00e04c742203
2025-02-06 20:59:18 INFO log.py:21: Yasb v1.5.8
2025-02-06 20:59:18 DEBUG win32.py:58: Looking up time zone info from registry
2025-02-06 20:59:18 DEBUG __init__.py:140: CoInitializeEx(None, 2)
2025-02-06 20:59:18 INFO weather.py:359: Fetched new weather data at 2025-02-06 20:59:18.992815
2025-02-06 20:59:19 INFO app_bar.py:103: Bar Created on Screen: PGCTRBL01 [Bar Height: 44px, DPI Scale: 1.0, Scale Screen: True, Screen Geometry: X: 0, Y: 0, Screen Width: 2560, Screen Height: 1440]
2025-02-06 20:59:19 INFO event_listener.py:52: Created named pipe yasb-610bcdbd-e4e6-11ef-a5d4-00e04c742203
2025-02-06 20:59:19 INFO event_listener.py:106: Waiting for Komorebi to subscribe to named pipe yasb-610bcdbd-e4e6-11ef-a5d4-00e04c742203
2025-02-06 20:59:19 INFO watcher.py:39: Created file watcher for path C:\Users\ogoes\.config\yasb
2025-02-06 20:59:19 DEBUG _windows.py:213: Starting (proactor: <_IocpProactor overlapped#=0 result#=0>)...
2025-02-06 20:59:19 DEBUG _windows.py:192: Thread started
2025-02-06 20:59:19 INFO event_listener.py:118: Komorebi connected to named pipe: yasb-610bcdbd-e4e6-11ef-a5d4-00e04c742203
2025-02-06 20:59:26 INFO log.py:21: Yasb v1.5.8
2025-02-06 20:59:26 DEBUG win32.py:58: Looking up time zone info from registry
2025-02-06 20:59:27 DEBUG __init__.py:140: CoInitializeEx(None, 2)
2025-02-06 20:59:27 INFO weather.py:359: Fetched new weather data at 2025-02-06 20:59:27.163250
2025-02-06 20:59:27 INFO app_bar.py:103: Bar Created on Screen: PGCTRBL01 [Bar Height: 44px, DPI Scale: 1.0, Scale Screen: True, Screen Geometry: X: 0, Y: 0, Screen Width: 2560, Screen Height: 1440]
2025-02-06 20:59:27 INFO event_listener.py:52: Created named pipe yasb-6623b35e-e4e6-11ef-ab69-00e04c742203
2025-02-06 20:59:27 INFO event_listener.py:106: Waiting for Komorebi to subscribe to named pipe yasb-6623b35e-e4e6-11ef-ab69-00e04c742203
2025-02-06 20:59:27 INFO watcher.py:39: Created file watcher for path C:\Users\ogoes\.config\yasb
2025-02-06 20:59:27 DEBUG _windows.py:213: Starting (proactor: <_IocpProactor overlapped#=0 result#=0>)...
2025-02-06 20:59:27 DEBUG _windows.py:192: Thread started
2025-02-06 20:59:28 INFO event_listener.py:118: Komorebi connected to named pipe: yasb-6623b35e-e4e6-11ef-ab69-00e04c742203
2025-02-06 21:09:27 INFO weather.py:359: Fetched new weather data at 2025-02-06 21:09:27.156043
